<?xml version="1.0" encoding="UTF-8"?>
<testsuite xmlns:xsi="http://www.w3.org/2001/XMLSchema-instance" xsi:noNamespaceSchemaLocation="https://maven.apache.org/surefire/maven-surefire-plugin/xsd/surefire-test-report.xsd" name="runner.TestMyRuuner" time="75.003" tests="14" errors="1" skipped="0" failures="0">
  <properties>
    <property name="java.specification.version" value="19"/>
    <property name="sun.cpu.isalist" value="amd64"/>
    <property name="sun.jnu.encoding" value="Cp1252"/>
    <property name="java.class.path" value="E:\complete_Drive\complete Cucumber Practies\EndToEndCucumberFramwork\EndToEndTutorialsProj\target\test-classes;E:\complete_Drive\complete Cucumber Practies\EndToEndCucumberFramwork\EndToEndTutorialsProj\target\classes;C:\Users\user\.m2\repository\junit\junit\4.11\junit-4.11.jar;C:\Users\user\.m2\repository\org\hamcrest\hamcrest-core\1.3\hamcrest-core-1.3.jar;C:\Users\user\.m2\repository\io\cucumber\cucumber-java\7.14.0\cucumber-java-7.14.0.jar;C:\Users\user\.m2\repository\org\apiguardian\apiguardian-api\1.1.2\apiguardian-api-1.1.2.jar;C:\Users\user\.m2\repository\org\seleniumhq\selenium\selenium-java\4.14.1\selenium-java-4.14.1.jar;C:\Users\user\.m2\repository\org\seleniumhq\selenium\selenium-api\4.14.1\selenium-api-4.14.1.jar;C:\Users\user\.m2\repository\org\seleniumhq\selenium\selenium-chrome-driver\4.14.1\selenium-chrome-driver-4.14.1.jar;C:\Users\user\.m2\repository\com\google\auto\service\auto-service-annotations\1.1.1\auto-service-annotations-1.1.1.jar;C:\Users\user\.m2\repository\com\google\guava\guava\32.1.2-jre\guava-32.1.2-jre.jar;C:\Users\user\.m2\repository\com\google\guava\failureaccess\1.0.1\failureaccess-1.0.1.jar;C:\Users\user\.m2\repository\com\google\guava\listenablefuture\9999.0-empty-to-avoid-conflict-with-guava\listenablefuture-9999.0-empty-to-avoid-conflict-with-guava.jar;C:\Users\user\.m2\repository\com\google\code\findbugs\jsr305\3.0.2\jsr305-3.0.2.jar;C:\Users\user\.m2\repository\org\checkerframework\checker-qual\3.33.0\checker-qual-3.33.0.jar;C:\Users\user\.m2\repository\com\google\errorprone\error_prone_annotations\2.18.0\error_prone_annotations-2.18.0.jar;C:\Users\user\.m2\repository\com\google\j2objc\j2objc-annotations\2.8\j2objc-annotations-2.8.jar;C:\Users\user\.m2\repository\org\seleniumhq\selenium\selenium-chromium-driver\4.14.1\selenium-chromium-driver-4.14.1.jar;C:\Users\user\.m2\repository\org\seleniumhq\selenium\selenium-json\4.14.1\selenium-json-4.14.1.jar;C:\Users\user\.m2\repository\org\seleniumhq\selenium\selenium-manager\4.14.1\selenium-manager-4.14.1.jar;C:\Users\user\.m2\repository\org\seleniumhq\selenium\selenium-devtools-v116\4.14.1\selenium-devtools-v116-4.14.1.jar;C:\Users\user\.m2\repository\org\seleniumhq\selenium\selenium-devtools-v117\4.14.1\selenium-devtools-v117-4.14.1.jar;C:\Users\user\.m2\repository\org\seleniumhq\selenium\selenium-devtools-v118\4.14.1\selenium-devtools-v118-4.14.1.jar;C:\Users\user\.m2\repository\org\seleniumhq\selenium\selenium-devtools-v85\4.14.1\selenium-devtools-v85-4.14.1.jar;C:\Users\user\.m2\repository\org\seleniumhq\selenium\selenium-edge-driver\4.14.1\selenium-edge-driver-4.14.1.jar;C:\Users\user\.m2\repository\org\seleniumhq\selenium\selenium-firefox-driver\4.14.1\selenium-firefox-driver-4.14.1.jar;C:\Users\user\.m2\repository\org\seleniumhq\selenium\selenium-http\4.14.1\selenium-http-4.14.1.jar;C:\Users\user\.m2\repository\dev\failsafe\failsafe\3.3.2\failsafe-3.3.2.jar;C:\Users\user\.m2\repository\org\seleniumhq\selenium\selenium-ie-driver\4.14.1\selenium-ie-driver-4.14.1.jar;C:\Users\user\.m2\repository\org\seleniumhq\selenium\selenium-remote-driver\4.14.1\selenium-remote-driver-4.14.1.jar;C:\Users\user\.m2\repository\io\opentelemetry\opentelemetry-api\1.28.0\opentelemetry-api-1.28.0.jar;C:\Users\user\.m2\repository\io\opentelemetry\opentelemetry-context\1.28.0\opentelemetry-context-1.28.0.jar;C:\Users\user\.m2\repository\io\opentelemetry\opentelemetry-exporter-logging\1.28.0\opentelemetry-exporter-logging-1.28.0.jar;C:\Users\user\.m2\repository\io\opentelemetry\opentelemetry-sdk-metrics\1.28.0\opentelemetry-sdk-metrics-1.28.0.jar;C:\Users\user\.m2\repository\io\opentelemetry\opentelemetry-extension-incubator\1.28.0-alpha\opentelemetry-extension-incubator-1.28.0-alpha.jar;C:\Users\user\.m2\repository\io\opentelemetry\opentelemetry-sdk-logs\1.28.0\opentelemetry-sdk-logs-1.28.0.jar;C:\Users\user\.m2\repository\io\opentelemetry\opentelemetry-sdk-common\1.28.0\opentelemetry-sdk-common-1.28.0.jar;C:\Users\user\.m2\repository\io\opentelemetry\opentelemetry-sdk-extension-autoconfigure-spi\1.28.0\opentelemetry-sdk-extension-autoconfigure-spi-1.28.0.jar;C:\Users\user\.m2\repository\io\opentelemetry\opentelemetry-sdk-extension-autoconfigure\1.28.0\opentelemetry-sdk-extension-autoconfigure-1.28.0.jar;C:\Users\user\.m2\repository\io\opentelemetry\opentelemetry-api-events\1.28.0-alpha\opentelemetry-api-events-1.28.0-alpha.jar;C:\Users\user\.m2\repository\io\opentelemetry\opentelemetry-sdk-trace\1.28.0\opentelemetry-sdk-trace-1.28.0.jar;C:\Users\user\.m2\repository\io\opentelemetry\opentelemetry-sdk\1.28.0\opentelemetry-sdk-1.28.0.jar;C:\Users\user\.m2\repository\io\opentelemetry\opentelemetry-semconv\1.28.0-alpha\opentelemetry-semconv-1.28.0-alpha.jar;C:\Users\user\.m2\repository\net\bytebuddy\byte-buddy\1.14.5\byte-buddy-1.14.5.jar;C:\Users\user\.m2\repository\org\seleniumhq\selenium\selenium-os\4.14.1\selenium-os-4.14.1.jar;C:\Users\user\.m2\repository\org\apache\commons\commons-exec\1.3\commons-exec-1.3.jar;C:\Users\user\.m2\repository\org\seleniumhq\selenium\selenium-safari-driver\4.14.1\selenium-safari-driver-4.14.1.jar;C:\Users\user\.m2\repository\org\seleniumhq\selenium\selenium-support\4.14.1\selenium-support-4.14.1.jar;C:\Users\user\.m2\repository\io\cucumber\cucumber-core\7.14.0\cucumber-core-7.14.0.jar;C:\Users\user\.m2\repository\io\cucumber\cucumber-gherkin\7.14.0\cucumber-gherkin-7.14.0.jar;C:\Users\user\.m2\repository\io\cucumber\cucumber-gherkin-messages\7.14.0\cucumber-gherkin-messages-7.14.0.jar;C:\Users\user\.m2\repository\io\cucumber\gherkin\26.2.0\gherkin-26.2.0.jar;C:\Users\user\.m2\repository\io\cucumber\messages\22.0.0\messages-22.0.0.jar;C:\Users\user\.m2\repository\io\cucumber\tag-expressions\5.0.6\tag-expressions-5.0.6.jar;C:\Users\user\.m2\repository\io\cucumber\cucumber-expressions\16.1.2\cucumber-expressions-16.1.2.jar;C:\Users\user\.m2\repository\io\cucumber\datatable\7.14.0\datatable-7.14.0.jar;C:\Users\user\.m2\repository\io\cucumber\cucumber-plugin\7.14.0\cucumber-plugin-7.14.0.jar;C:\Users\user\.m2\repository\io\cucumber\docstring\7.14.0\docstring-7.14.0.jar;C:\Users\user\.m2\repository\io\cucumber\html-formatter\20.4.0\html-formatter-20.4.0.jar;C:\Users\user\.m2\repository\io\cucumber\junit-xml-formatter\0.2.0\junit-xml-formatter-0.2.0.jar;C:\Users\user\.m2\repository\io\cucumber\ci-environment\9.2.0\ci-environment-9.2.0.jar;C:\Users\user\.m2\repository\io\cucumber\cucumber-junit\7.14.0\cucumber-junit-7.14.0.jar;"/>
    <property name="java.vm.vendor" value="Oracle Corporation"/>
    <property name="sun.arch.data.model" value="64"/>
    <property name="user.variant" value=""/>
    <property name="java.vendor.url" value="https://java.oracle.com/"/>
    <property name="user.timezone" value="Asia/Calcutta"/>
    <property name="os.name" value="Windows 10"/>
    <property name="java.vm.specification.version" value="19"/>
    <property name="sun.java.launcher" value="SUN_STANDARD"/>
    <property name="user.country" value="US"/>
    <property name="sun.boot.library.path" value="C:\Program Files\Java\jdk-19\bin"/>
    <property name="sun.java.command" value="C:\Users\user\AppData\Local\Temp\surefire14785090563730439132\surefirebooter17704102111194543159.jar C:\Users\user\AppData\Local\Temp\surefire14785090563730439132 2023-10-19T10-41-50_895-jvmRun1 surefire12828867449684045906tmp surefire_09372659457056761282tmp"/>
    <property name="jdk.debug" value="release"/>
    <property name="surefire.test.class.path" value="E:\complete_Drive\complete Cucumber Practies\EndToEndCucumberFramwork\EndToEndTutorialsProj\target\test-classes;E:\complete_Drive\complete Cucumber Practies\EndToEndCucumberFramwork\EndToEndTutorialsProj\target\classes;C:\Users\user\.m2\repository\junit\junit\4.11\junit-4.11.jar;C:\Users\user\.m2\repository\org\hamcrest\hamcrest-core\1.3\hamcrest-core-1.3.jar;C:\Users\user\.m2\repository\io\cucumber\cucumber-java\7.14.0\cucumber-java-7.14.0.jar;C:\Users\user\.m2\repository\org\apiguardian\apiguardian-api\1.1.2\apiguardian-api-1.1.2.jar;C:\Users\user\.m2\repository\org\seleniumhq\selenium\selenium-java\4.14.1\selenium-java-4.14.1.jar;C:\Users\user\.m2\repository\org\seleniumhq\selenium\selenium-api\4.14.1\selenium-api-4.14.1.jar;C:\Users\user\.m2\repository\org\seleniumhq\selenium\selenium-chrome-driver\4.14.1\selenium-chrome-driver-4.14.1.jar;C:\Users\user\.m2\repository\com\google\auto\service\auto-service-annotations\1.1.1\auto-service-annotations-1.1.1.jar;C:\Users\user\.m2\repository\com\google\guava\guava\32.1.2-jre\guava-32.1.2-jre.jar;C:\Users\user\.m2\repository\com\google\guava\failureaccess\1.0.1\failureaccess-1.0.1.jar;C:\Users\user\.m2\repository\com\google\guava\listenablefuture\9999.0-empty-to-avoid-conflict-with-guava\listenablefuture-9999.0-empty-to-avoid-conflict-with-guava.jar;C:\Users\user\.m2\repository\com\google\code\findbugs\jsr305\3.0.2\jsr305-3.0.2.jar;C:\Users\user\.m2\repository\org\checkerframework\checker-qual\3.33.0\checker-qual-3.33.0.jar;C:\Users\user\.m2\repository\com\google\errorprone\error_prone_annotations\2.18.0\error_prone_annotations-2.18.0.jar;C:\Users\user\.m2\repository\com\google\j2objc\j2objc-annotations\2.8\j2objc-annotations-2.8.jar;C:\Users\user\.m2\repository\org\seleniumhq\selenium\selenium-chromium-driver\4.14.1\selenium-chromium-driver-4.14.1.jar;C:\Users\user\.m2\repository\org\seleniumhq\selenium\selenium-json\4.14.1\selenium-json-4.14.1.jar;C:\Users\user\.m2\repository\org\seleniumhq\selenium\selenium-manager\4.14.1\selenium-manager-4.14.1.jar;C:\Users\user\.m2\repository\org\seleniumhq\selenium\selenium-devtools-v116\4.14.1\selenium-devtools-v116-4.14.1.jar;C:\Users\user\.m2\repository\org\seleniumhq\selenium\selenium-devtools-v117\4.14.1\selenium-devtools-v117-4.14.1.jar;C:\Users\user\.m2\repository\org\seleniumhq\selenium\selenium-devtools-v118\4.14.1\selenium-devtools-v118-4.14.1.jar;C:\Users\user\.m2\repository\org\seleniumhq\selenium\selenium-devtools-v85\4.14.1\selenium-devtools-v85-4.14.1.jar;C:\Users\user\.m2\repository\org\seleniumhq\selenium\selenium-edge-driver\4.14.1\selenium-edge-driver-4.14.1.jar;C:\Users\user\.m2\repository\org\seleniumhq\selenium\selenium-firefox-driver\4.14.1\selenium-firefox-driver-4.14.1.jar;C:\Users\user\.m2\repository\org\seleniumhq\selenium\selenium-http\4.14.1\selenium-http-4.14.1.jar;C:\Users\user\.m2\repository\dev\failsafe\failsafe\3.3.2\failsafe-3.3.2.jar;C:\Users\user\.m2\repository\org\seleniumhq\selenium\selenium-ie-driver\4.14.1\selenium-ie-driver-4.14.1.jar;C:\Users\user\.m2\repository\org\seleniumhq\selenium\selenium-remote-driver\4.14.1\selenium-remote-driver-4.14.1.jar;C:\Users\user\.m2\repository\io\opentelemetry\opentelemetry-api\1.28.0\opentelemetry-api-1.28.0.jar;C:\Users\user\.m2\repository\io\opentelemetry\opentelemetry-context\1.28.0\opentelemetry-context-1.28.0.jar;C:\Users\user\.m2\repository\io\opentelemetry\opentelemetry-exporter-logging\1.28.0\opentelemetry-exporter-logging-1.28.0.jar;C:\Users\user\.m2\repository\io\opentelemetry\opentelemetry-sdk-metrics\1.28.0\opentelemetry-sdk-metrics-1.28.0.jar;C:\Users\user\.m2\repository\io\opentelemetry\opentelemetry-extension-incubator\1.28.0-alpha\opentelemetry-extension-incubator-1.28.0-alpha.jar;C:\Users\user\.m2\repository\io\opentelemetry\opentelemetry-sdk-logs\1.28.0\opentelemetry-sdk-logs-1.28.0.jar;C:\Users\user\.m2\repository\io\opentelemetry\opentelemetry-sdk-common\1.28.0\opentelemetry-sdk-common-1.28.0.jar;C:\Users\user\.m2\repository\io\opentelemetry\opentelemetry-sdk-extension-autoconfigure-spi\1.28.0\opentelemetry-sdk-extension-autoconfigure-spi-1.28.0.jar;C:\Users\user\.m2\repository\io\opentelemetry\opentelemetry-sdk-extension-autoconfigure\1.28.0\opentelemetry-sdk-extension-autoconfigure-1.28.0.jar;C:\Users\user\.m2\repository\io\opentelemetry\opentelemetry-api-events\1.28.0-alpha\opentelemetry-api-events-1.28.0-alpha.jar;C:\Users\user\.m2\repository\io\opentelemetry\opentelemetry-sdk-trace\1.28.0\opentelemetry-sdk-trace-1.28.0.jar;C:\Users\user\.m2\repository\io\opentelemetry\opentelemetry-sdk\1.28.0\opentelemetry-sdk-1.28.0.jar;C:\Users\user\.m2\repository\io\opentelemetry\opentelemetry-semconv\1.28.0-alpha\opentelemetry-semconv-1.28.0-alpha.jar;C:\Users\user\.m2\repository\net\bytebuddy\byte-buddy\1.14.5\byte-buddy-1.14.5.jar;C:\Users\user\.m2\repository\org\seleniumhq\selenium\selenium-os\4.14.1\selenium-os-4.14.1.jar;C:\Users\user\.m2\repository\org\apache\commons\commons-exec\1.3\commons-exec-1.3.jar;C:\Users\user\.m2\repository\org\seleniumhq\selenium\selenium-safari-driver\4.14.1\selenium-safari-driver-4.14.1.jar;C:\Users\user\.m2\repository\org\seleniumhq\selenium\selenium-support\4.14.1\selenium-support-4.14.1.jar;C:\Users\user\.m2\repository\io\cucumber\cucumber-core\7.14.0\cucumber-core-7.14.0.jar;C:\Users\user\.m2\repository\io\cucumber\cucumber-gherkin\7.14.0\cucumber-gherkin-7.14.0.jar;C:\Users\user\.m2\repository\io\cucumber\cucumber-gherkin-messages\7.14.0\cucumber-gherkin-messages-7.14.0.jar;C:\Users\user\.m2\repository\io\cucumber\gherkin\26.2.0\gherkin-26.2.0.jar;C:\Users\user\.m2\repository\io\cucumber\messages\22.0.0\messages-22.0.0.jar;C:\Users\user\.m2\repository\io\cucumber\tag-expressions\5.0.6\tag-expressions-5.0.6.jar;C:\Users\user\.m2\repository\io\cucumber\cucumber-expressions\16.1.2\cucumber-expressions-16.1.2.jar;C:\Users\user\.m2\repository\io\cucumber\datatable\7.14.0\datatable-7.14.0.jar;C:\Users\user\.m2\repository\io\cucumber\cucumber-plugin\7.14.0\cucumber-plugin-7.14.0.jar;C:\Users\user\.m2\repository\io\cucumber\docstring\7.14.0\docstring-7.14.0.jar;C:\Users\user\.m2\repository\io\cucumber\html-formatter\20.4.0\html-formatter-20.4.0.jar;C:\Users\user\.m2\repository\io\cucumber\junit-xml-formatter\0.2.0\junit-xml-formatter-0.2.0.jar;C:\Users\user\.m2\repository\io\cucumber\ci-environment\9.2.0\ci-environment-9.2.0.jar;C:\Users\user\.m2\repository\io\cucumber\cucumber-junit\7.14.0\cucumber-junit-7.14.0.jar;"/>
    <property name="sun.cpu.endian" value="little"/>
    <property name="user.home" value="C:\Users\user"/>
    <property name="user.language" value="en"/>
    <property name="java.specification.vendor" value="Oracle Corporation"/>
    <property name="java.version.date" value="2022-09-20"/>
    <property name="java.home" value="C:\Program Files\Java\jdk-19"/>
    <property name="file.separator" value="\"/>
    <property name="basedir" value="E:\complete_Drive\complete Cucumber Practies\EndToEndCucumberFramwork\EndToEndTutorialsProj"/>
    <property name="java.vm.compressedOopsMode" value="Zero based"/>
    <property name="line.separator" value="&#10;"/>
    <property name="java.vm.specification.vendor" value="Oracle Corporation"/>
    <property name="java.specification.name" value="Java Platform API Specification"/>
    <property name="surefire.real.class.path" value="C:\Users\user\AppData\Local\Temp\surefire14785090563730439132\surefirebooter17704102111194543159.jar"/>
    <property name="user.script" value=""/>
    <property name="sun.management.compiler" value="HotSpot 64-Bit Tiered Compilers"/>
    <property name="java.runtime.version" value="19+36-2238"/>
    <property name="user.name" value="user"/>
    <property name="stdout.encoding" value="Cp1252"/>
    <property name="path.separator" value=";"/>
    <property name="os.version" value="10.0"/>
    <property name="java.runtime.name" value="Java(TM) SE Runtime Environment"/>
    <property name="file.encoding" value="UTF-8"/>
    <property name="java.vm.name" value="Java HotSpot(TM) 64-Bit Server VM"/>
    <property name="localRepository" value="C:\Users\user\.m2\repository"/>
    <property name="java.vendor.url.bug" value="https://bugreport.java.com/bugreport/"/>
    <property name="java.io.tmpdir" value="C:\Users\user\AppData\Local\Temp\"/>
    <property name="java.version" value="19"/>
    <property name="user.dir" value="E:\complete_Drive\complete Cucumber Practies\EndToEndCucumberFramwork\EndToEndTutorialsProj"/>
    <property name="os.arch" value="amd64"/>
    <property name="java.vm.specification.name" value="Java Virtual Machine Specification"/>
    <property name="sun.os.patch.level" value=""/>
    <property name="native.encoding" value="Cp1252"/>
    <property name="java.library.path" value="C:\Program Files\Java\jdk-19\bin;C:\Windows\Sun\Java\bin;C:\Windows\system32;C:\Windows;C:\Program Files\Common Files\Oracle\Java\javapath;C:\Windows\system32;C:\Windows;C:\Windows\System32\Wbem;C:\Windows\System32\WindowsPowerShell\v1.0\;C:\Windows\System32\OpenSSH\;C:\Program Files\Java\jdk-19\bin;C:\Program Files\Git\cmd;C:\Program Files\nodejs\;C:\Program Files\nodejs\node_modules;C:\apache-maven-3.9.2\bin;C:\Users\user\AppData\Local\Microsoft\WindowsApps;C:\Users\user\AppData\Roaming\npm;."/>
    <property name="java.vm.info" value="mixed mode, sharing"/>
    <property name="stderr.encoding" value="Cp1252"/>
    <property name="java.vendor" value="Oracle Corporation"/>
    <property name="java.vm.version" value="19+36-2238"/>
    <property name="sun.io.unicode.encoding" value="UnicodeLittle"/>
    <property name="java.class.version" value="63.0"/>
  </properties>
  <testcase name="user verify the logo of the application" classname="Logo functionality" time="5.406"/>
  <testcase name="user login with valid credentials" classname="Login functionality" time="5.768"/>
  <testcase name="user login with valid email and invalid password" classname="Login functionality" time="5.271"/>
  <testcase name="user login with invalid email address and valid password" classname="Login functionality" time="5.239"/>
  <testcase name="user login with invalid email address and invalid password" classname="Login functionality" time="5.269"/>
  <testcase name="user without providing any credentials" classname="Login functionality" time="5.004"/>
  <testcase name="user creates the account with mandatory fileds" classname="Registerpage functionality" time="6.248"/>
  <testcase name="user creates the acoount with all feilds" classname="Registerpage functionality" time="6.47"/>
  <testcase name="user creates dupilicate account" classname="Registerpage functionality" time="6.824"/>
  <testcase name="user craetes the account without filling any fields" classname="Registerpage functionality" time="6.401"/>
  <testcase name="user searches the valid product" classname="Search Functionality" time="4.791"/>
  <testcase name="user searches the invalid product" classname="Search Functionality" time="4.087"/>
  <testcase name="user searche without enter product name" classname="Search Functionality" time="5.372"/>
  <testcase name="runner.TestMyRuuner" classname="runner.TestMyRuuner" time="7.114">
    <error message="java.io.IOException: HTTP request failed:&#10;&gt; GET https://messages.cucumber.io/api/reports&#10;&lt; HTTP/1.1 401 Unauthorized&#10;&lt; X-Cache: Error from cloudfront&#10;&lt; x-amz-apigw-id: NCIjdFz5iGYFjHA=&#10;&lt; Access-Control-Allow-Origin: https://reports.cucumber.io&#10;&lt; Access-Control-Allow-Methods: GET&#10;&lt; X-Amz-Cf-Pop: HYD57-P1&#10;&lt; Connection: keep-alive&#10;&lt; Date: Thu, 19 Oct 2023 05:13:06 GMT&#10;&lt; Access-Control-Allow-Headers: Content-Type,Authorization,X-Amz-Date,X-Api-Key,X-Amz-Security-Token&#10;&lt; X-Amzn-Trace-Id: Root=1-6530bae2-338b6cba473834a21df60fc4;Sampled=0;lineage=d7df4ace:0&#10;&lt; Via: 1.1 438ce1201c818ab71df504c706226802.cloudfront.net (CloudFront)&#10;&lt; Cache-Control: private, no-cache, no-store, must-revalidate&#10;&lt; Access-Control-Allow-Credentials: true&#10;&lt; x-amzn-RequestId: d3c9f864-995d-40d1-b519-dba363f7e560&#10;&lt; X-Amz-Cf-Id: N1LUoTT24J0FEI-61ITzEBXjFPeHP8tLSma0GW7FPrDIqewoN1yq3w==&#10;&lt; Content-Length: 875&#10;&lt; Content-Type: text/plain; charset=UTF-8&#10;&amp;#27;[31m&amp;#27;[1m┌─────────────────────────────────────────────────────────────────────────────────────────────┐&amp;#27;[0m&#10;&amp;#27;[31m&amp;#27;[1m│&amp;#27;[0m Invalid CUCUMBER_PUBLISH_TOKEN: &amp;#27;[1mCUCUMBER_PUBLISH_TOKEN=54abb800-7cea-44ab-8ed4-bb72715838c0&amp;#27;[0m &amp;#27;[31m&amp;#27;[1m│&amp;#27;[0m&#10;&amp;#27;[31m&amp;#27;[1m│&amp;#27;[0m Go to &amp;#27;[1m&amp;#27;[36m&amp;#27;[4mhttps://reports.cucumber.io/profile&amp;#27;[0m to get your token.                                &amp;#27;[31m&amp;#27;[1m│&amp;#27;[0m&#10;&amp;#27;[31m&amp;#27;[1m└─────────────────────────────────────────────────────────────────────────────────────────────┘&amp;#27;[0m" type="java.lang.RuntimeException"><![CDATA[java.lang.RuntimeException: 
java.io.IOException: HTTP request failed:
> GET https://messages.cucumber.io/api/reports
< HTTP/1.1 401 Unauthorized
< X-Cache: Error from cloudfront
< x-amz-apigw-id: NCIjdFz5iGYFjHA=
< Access-Control-Allow-Origin: https://reports.cucumber.io
< Access-Control-Allow-Methods: GET
< X-Amz-Cf-Pop: HYD57-P1
< Connection: keep-alive
< Date: Thu, 19 Oct 2023 05:13:06 GMT
< Access-Control-Allow-Headers: Content-Type,Authorization,X-Amz-Date,X-Api-Key,X-Amz-Security-Token
< X-Amzn-Trace-Id: Root=1-6530bae2-338b6cba473834a21df60fc4;Sampled=0;lineage=d7df4ace:0
< Via: 1.1 438ce1201c818ab71df504c706226802.cloudfront.net (CloudFront)
< Cache-Control: private, no-cache, no-store, must-revalidate
< Access-Control-Allow-Credentials: true
< x-amzn-RequestId: d3c9f864-995d-40d1-b519-dba363f7e560
< X-Amz-Cf-Id: N1LUoTT24J0FEI-61ITzEBXjFPeHP8tLSma0GW7FPrDIqewoN1yq3w==
< Content-Length: 875
< Content-Type: text/plain; charset=UTF-8
&amp#27;[31m&amp#27;[1m┌─────────────────────────────────────────────────────────────────────────────────────────────┐&amp#27;[0m
&amp#27;[31m&amp#27;[1m│&amp#27;[0m Invalid CUCUMBER_PUBLISH_TOKEN: &amp#27;[1mCUCUMBER_PUBLISH_TOKEN=54abb800-7cea-44ab-8ed4-bb72715838c0&amp#27;[0m &amp#27;[31m&amp#27;[1m│&amp#27;[0m
&amp#27;[31m&amp#27;[1m│&amp#27;[0m Go to &amp#27;[1m&amp#27;[36m&amp#27;[4mhttps://reports.cucumber.io/profile&amp#27;[0m to get your token.                                &amp#27;[31m&amp#27;[1m│&amp#27;[0m
&amp#27;[31m&amp#27;[1m└─────────────────────────────────────────────────────────────────────────────────────────────┘&amp#27;[0m
Caused by: java.io.IOException: 
HTTP request failed:
> GET https://messages.cucumber.io/api/reports
< HTTP/1.1 401 Unauthorized
< X-Cache: Error from cloudfront
< x-amz-apigw-id: NCIjdFz5iGYFjHA=
< Access-Control-Allow-Origin: https://reports.cucumber.io
< Access-Control-Allow-Methods: GET
< X-Amz-Cf-Pop: HYD57-P1
< Connection: keep-alive
< Date: Thu, 19 Oct 2023 05:13:06 GMT
< Access-Control-Allow-Headers: Content-Type,Authorization,X-Amz-Date,X-Api-Key,X-Amz-Security-Token
< X-Amzn-Trace-Id: Root=1-6530bae2-338b6cba473834a21df60fc4;Sampled=0;lineage=d7df4ace:0
< Via: 1.1 438ce1201c818ab71df504c706226802.cloudfront.net (CloudFront)
< Cache-Control: private, no-cache, no-store, must-revalidate
< Access-Control-Allow-Credentials: true
< x-amzn-RequestId: d3c9f864-995d-40d1-b519-dba363f7e560
< X-Amz-Cf-Id: N1LUoTT24J0FEI-61ITzEBXjFPeHP8tLSma0GW7FPrDIqewoN1yq3w==
< Content-Length: 875
< Content-Type: text/plain; charset=UTF-8
&amp#27;[31m&amp#27;[1m┌─────────────────────────────────────────────────────────────────────────────────────────────┐&amp#27;[0m
&amp#27;[31m&amp#27;[1m│&amp#27;[0m Invalid CUCUMBER_PUBLISH_TOKEN: &amp#27;[1mCUCUMBER_PUBLISH_TOKEN=54abb800-7cea-44ab-8ed4-bb72715838c0&amp#27;[0m &amp#27;[31m&amp#27;[1m│&amp#27;[0m
&amp#27;[31m&amp#27;[1m│&amp#27;[0m Go to &amp#27;[1m&amp#27;[36m&amp#27;[4mhttps://reports.cucumber.io/profile&amp#27;[0m to get your token.                                &amp#27;[31m&amp#27;[1m│&amp#27;[0m
&amp#27;[31m&amp#27;[1m└─────────────────────────────────────────────────────────────────────────────────────────────┘&amp#27;[0m
]]></error>
  </testcase>
</testsuite>